Arguments: 
  C:\Program Files\nodejs\node.exe C:\Program Files (x86)\Yarn\bin\yarn.js

PATH: 
  C:\Python39\Scripts\;C:\Python39\;C:\Program Files (x86)\Common Files\Oracle\Java\javapath;C:\WINDOWS\system32;C:\WINDOWS;C:\WINDOWS\System32\Wbem;C:\WINDOWS\System32\WindowsPowerShell\v1.0\;C:\WINDOWS\System32\OpenSSH\;C:\Program Files\Git\cmd;C:\ProgramData\chocolatey\bin;C:\Program Files (x86)\Yarn\bin\;C:\Users\bxsha\AppData\Roaming\nvm;C:\Program Files\nodejs;C:\mongodb\bin;C:\Users\bxsha\AppData\Local\Microsoft\WindowsApps;C:\Users\bxsha\AppData\Roaming\Amazon;C:\Users\bxsha\AppData\Local\Programs\Microsoft VS Code\bin;C:\Users\bxsha\AppData\Roaming\npm;C:\Users\bxsha\AppData\Local\Yarn\bin;C:\Users\bxsha\AppData\Roaming\nvm;C:\Program Files\nodejs

Yarn version: 
  1.22.5

Node version: 
  14.15.0

Platform: 
  win32 x64

Trace: 
  SyntaxError: C:\Users\bxsha\Documents\TKH\phase3\may11\carBrandApp\server\package.json: Unexpected token } in JSON at position 136
      at JSON.parse (<anonymous>)
      at C:\Program Files (x86)\Yarn\lib\cli.js:1625:59
      at Generator.next (<anonymous>)
      at step (C:\Program Files (x86)\Yarn\lib\cli.js:310:30)
      at C:\Program Files (x86)\Yarn\lib\cli.js:321:13

npm manifest: 
  {
    "name": "server",
    "version": "1.0.0",
    "main": "index.js",
    "license": "MIT",
    "scripts": {
      "start": "nodemon app.js"
    },
  }

yarn manifest: 
  No manifest

Lockfile: 
  No lockfile
